2023-01-16T05:46:12+00:00 CRITICAL Uncaught ArgumentCountError: Too few arguments to function WC_Product::is_type(), 0 passed in /var/www/html/qbc/wp-content/themes/flatsome-child/functions.php on line 14 and exactly 1 expected in /var/www/html/qbc/wp-content/plugins/woocommerce/includes/abstracts/abstract-wc-product.php:1527
Stack trace:
#0 /var/www/html/qbc/wp-content/themes/flatsome-child/functions.php(14): WC_Product->is_type()
#1 /var/www/html/qbc/wp-includes/class-wp-hook.php(308): add_content_after_addtocart()
#2 /var/www/html/qbc/wp-includes/class-wp-hook.php(332): WP_Hook->apply_filters()
#3 /var/www/html/qbc/wp-includes/plugin.php(517): WP_Hook->do_action()
#4 /var/www/html/qbc/wp-content/plugins/woocommerce/templates/single-product/add-to-cart/variation-add-to-cart-button.php(33): do_action()
#5 /var/www/html/qbc/wp-content/plugins/woocommerce/includes/wc-core-functions.php(345): include('/var/www/html/q...')
#6 /var/www/html/qbc/wp-content/plugins/woocommerce/includes/wc-template-functions.php(3061): wc_get_template()
#7 /var/www/h in /var/www/html/qbc/wp-content/plugins/woocommerce/includes/abstracts/abstract-wc-product.php on line 1527

2023-01-16T05:46:13+00:00 CRITICAL Uncaught ArgumentCountError: Too few arguments to function WC_Product::is_type(), 0 passed in /var/www/html/qbc/wp-content/themes/flatsome-child/functions.php on line 14 and exactly 1 expected in /var/www/html/qbc/wp-content/plugins/woocommerce/includes/abstracts/abstract-wc-product.php:1527
Stack trace:
#0 /var/www/html/qbc/wp-content/themes/flatsome-child/functions.php(14): WC_Product->is_type()
#1 /var/www/html/qbc/wp-includes/class-wp-hook.php(308): add_content_after_addtocart()
#2 /var/www/html/qbc/wp-includes/class-wp-hook.php(332): WP_Hook->apply_filters()
#3 /var/www/html/qbc/wp-includes/plugin.php(517): WP_Hook->do_action()
#4 /var/www/html/qbc/wp-content/plugins/woocommerce/templates/single-product/add-to-cart/variation-add-to-cart-button.php(33): do_action()
#5 /var/www/html/qbc/wp-content/plugins/woocommerce/includes/wc-core-functions.php(345): include('/var/www/html/q...')
#6 /var/www/html/qbc/wp-content/plugins/woocommerce/includes/wc-template-functions.php(3061): wc_get_template()
#7 /var/www/h in /var/www/html/qbc/wp-content/plugins/woocommerce/includes/abstracts/abstract-wc-product.php on line 1527

